 2024-08-13T10:31:44.468Z WARN  vopono > Could not parse PULSE_SERVER from pactl info output: Err(Could not parse pactl output!:
)
[src/args_config.rs:132:9] &command.postup = None
[src/args_config.rs:135:9] &postup = None
 2024-08-13T10:31:44.472Z INFO  vopono_core::network::netns > Created new network namespace: hqserverd_ns
STATE      CONNECTIVITY  WIFI-HW  WIFI     WWAN-HW  WWAN     
connected  full          enabled  enabled  enabled  disabled 
 2024-08-13T10:31:44.563Z INFO  vopono_core::network::netns > IP address of namespace as seen from host: 10.200.1.2
 2024-08-13T10:31:44.563Z INFO  vopono_core::network::netns > IP address of host as seen from namespace: 10.200.1.1
 2024-08-13T10:31:44.593Z INFO  vopono_core::network::openvpn > Launching OpenVPN...
 2024-08-13T10:31:45.314Z INFO  vopono::exec                  > Application bash -c 'sudo bash /opt/hqueue/scripts/hqserverd force-reload || echo Force reload failed, continuing anyway...' launched in network namespace hqserverd_ns with pid 29777
thread '<unnamed>' panicked at /github/home/.cargo/registry/src/index.crates.io-6f17d22bba15001f/basic_tcp_proxy-0.3.2/src/lib.rs:36:71:
Failed to bind: Os { code: 111, kind: ConnectionRefused, message: "Connection refused" }
note: run with `RUST_BACKTRACE=1` environment variable to display a backtrace
 * Stopping HQueue server process
WARNING: /opt/hqueue/hqserver.pid file does not exist.
   ...done.
 * Starting HQueue server process
   ...done.
 2024-08-13T10:32:12.956Z INFO  vopono::exec                  > Keep-alive flag active - will leave network namespace hqserverd_ns alive until ctrl+C received
